-- Downloading...
   dst='/home/pi/Code/arrow/cpp/src/1a803826f1197b5e30703afe4b9c0e7dd48074f5.tar.gz'
   timeout='none'
-- Using src='https://github.com/miloyip/rapidjson/archive/1a803826f1197b5e30703afe4b9c0e7dd48074f5.tar.gz'
-- [download 100% complete]
-- [download 1% complete]
-- [download 4% complete]
-- [download 8% complete]
-- [download 9% complete]
-- [download 17% complete]
-- [download 18% complete]
-- [download 19% complete]
-- [download 20% complete]
-- [download 21% complete]
-- [download 22% complete]
-- [download 23% complete]
-- [download 24% complete]
-- [download 26% complete]
-- [download 27% complete]
-- [download 29% complete]
-- [download 31% complete]
-- [download 32% complete]
-- [download 33% complete]
-- [download 36% complete]
-- [download 38% complete]
-- [download 40% complete]
-- [download 43% complete]
-- [download 50% complete]
-- [download 52% complete]
-- [download 53% complete]
-- [download 60% complete]
-- [download 61% complete]
-- [download 63% complete]
-- [download 64% complete]
-- [download 67% complete]
-- [download 69% complete]
-- [download 70% complete]
-- [download 72% complete]
-- [download 85% complete]
-- [download 88% complete]
-- [download 96% complete]
-- [download 97% complete]
-- [download 98% complete]
-- [download 100% complete]
-- Downloading... done
-- extracting...
     src='/home/pi/Code/arrow/cpp/src/1a803826f1197b5e30703afe4b9c0e7dd48074f5.tar.gz'
     dst='/home/pi/Code/arrow/cpp/src/rapidjson_ep'
-- extracting... [tar xfz]
-- extracting... [analysis]
-- extracting... [rename]
-- extracting... [clean up]
-- extracting... done
